nohup: ignoring input
[32m03:32:35[0m | [1mINFO    [0m | [36malgomlb.cli.ml[0m:[36m84[0m — [1mFetching features for years: 2021,2022,2023,2024,2025...[0m
[32m03:33:03[0m | [1mINFO    [0m | [36malgomlb.ml.sabermetrics[0m:[36m107[0m — [1mComputed Pythagorean features for 32 teams, 24716 rows.[0m
[I 2026-04-15 03:33:31,869] Using an existing study with name 'pa_outcome_v1.2' instead of creating a new one.
[32m03:33:37[0m | [1mINFO    [0m | [36malgomlb.ml.training.optuna_tuner[0m:[36m153[0m — [1mStarting Optuna optimization session: pa_outcome_v1.2[0m
  0%|          | 0/10 [00:00<?, ?it/s]                                        0%|          | 0/10 [30:33<?, ?it/s]Best trial: 2. Best value: 1.18554:   0%|          | 0/10 [30:33<?, ?it/s]Best trial: 2. Best value: 1.18554:  10%|█         | 1/10 [30:33<4:34:59, 1833.26s/it]                                                                                      Best trial: 2. Best value: 1.18554:  10%|█         | 1/10 [1:44:37<4:34:59, 1833.26s/it]Best trial: 3. Best value: 1.15905:  10%|█         | 1/10 [1:44:37<4:34:59, 1833.26s/it]Best trial: 3. Best value: 1.15905:  20%|██        | 2/10 [1:44:37<7:29:15, 3369.40s/it]                                                                                        Best trial: 3. Best value: 1.15905:  20%|██        | 2/10 [2:35:24<7:29:15, 3369.40s/it]Best trial: 4. Best value: 1.15718:  20%|██        | 2/10 [2:35:24<7:29:15, 3369.40s/it]Best trial: 4. Best value: 1.15718:  30%|███       | 3/10 [2:35:24<6:15:54, 3222.12s/it]                                                                                        Best trial: 4. Best value: 1.15718:  30%|███       | 3/10 [3:30:46<6:15:54, 3222.12s/it]Best trial: 5. Best value: 1.15512:  30%|███       | 3/10 [3:30:46<6:15:54, 3222.12s/it]Best trial: 5. Best value: 1.15512:  40%|████      | 4/10 [3:30:46<5:26:09, 3261.51s/it]                                                                                        Best trial: 5. Best value: 1.15512:  40%|████      | 4/10 [4:47:12<5:26:09, 3261.51s/it]Best trial: 6. Best value: 1.14676:  40%|████      | 4/10 [4:47:12<5:26:09, 3261.51s/it]Best trial: 6. Best value: 1.14676:  50%|█████     | 5/10 [4:47:12<5:11:35, 3739.13s/it]                                                                                        Best trial: 6. Best value: 1.14676:  50%|█████     | 5/10 [4:48:01<5:11:35, 3739.13s/it]Best trial: 6. Best value: 1.14676:  50%|█████     | 5/10 [4:48:01<5:11:35, 3739.13s/it]Best trial: 6. Best value: 1.14676:  60%|██████    | 6/10 [4:48:01<2:45:37, 2484.48s/it]                                                                                        Best trial: 6. Best value: 1.14676:  60%|██████    | 6/10 [6:13:13<2:45:37, 2484.48s/it]Best trial: 6. Best value: 1.14676:  60%|██████    | 6/10 [6:13:13<2:45:37, 2484.48s/it]Best trial: 6. Best value: 1.14676:  70%|███████   | 7/10 [6:13:13<2:47:10, 3343.44s/it]                                                                                        Best trial: 6. Best value: 1.14676:  70%|███████   | 7/10 [6:14:02<2:47:10, 3343.44s/it]Best trial: 6. Best value: 1.14676:  70%|███████   | 7/10 [6:14:03<2:47:10, 3343.44s/it]Best trial: 6. Best value: 1.14676:  80%|████████  | 8/10 [6:14:03<1:16:29, 2294.78s/it]                                                                                        Best trial: 6. Best value: 1.14676:  80%|████████  | 8/10 [7:13:22<1:16:29, 2294.78s/it]Best trial: 10. Best value: 1.14467:  80%|████████  | 8/10 [7:13:22<1:16:29, 2294.78s/it]Best trial: 10. Best value: 1.14467:  90%|█████████ | 9/10 [7:13:22<44:50, 2690.19s/it]                                                                                         Best trial: 10. Best value: 1.14467:  90%|█████████ | 9/10 [7:14:41<44:50, 2690.19s/it]Best trial: 10. Best value: 1.14467:  90%|█████████ | 9/10 [7:14:41<44:50, 2690.19s/it]Best trial: 10. Best value: 1.14467: 100%|██████████| 10/10 [7:14:41<00:00, 1884.03s/it]Best trial: 10. Best value: 1.14467: 100%|██████████| 10/10 [7:14:41<00:00, 2608.15s/it]
[32m10:48:19[0m | [32m[1mSUCCESS [0m | [36malgomlb.ml.training.optuna_tuner[0m:[36m156[0m — [32m[1mBest value: 1.1447[0m
[32m10:48:19[0m | [1mINFO    [0m | [36malgomlb.ml.training.optuna_tuner[0m:[36m157[0m — [1mBest hyperparameters: {'max_depth': 7, 'learning_rate': 0.05540808672408902, 'min_child_weight': 4, 'subsample': 0.8958444344688026, 'colsample_bytree': 0.7929628529008106, 'gamma': 0.28156326851255997, 'max_delta_step': 0, 'n_estimators': 400}[0m
[32m10:48:19[0m | [32m[1mSUCCESS [0m | [36malgomlb.cli.ml[0m:[36m277[0m — [32m[1mTuning complete for pa_outcome. Best Params: {'max_depth': 7, 'learning_rate': 0.05540808672408902, 'min_child_weight': 4, 'subsample': 0.8958444344688026, 'colsample_bytree': 0.7929628529008106, 'gamma': 0.28156326851255997, 'max_delta_step': 0, 'n_estimators': 400}[0m
[32m10:48:19[0m | [32m[1mSUCCESS [0m | [36malgomlb.cli.ml[0m:[36m285[0m — [32m[1mOptimized parameters persisted to .data/models/optuna_best_params_pa_outcome_v1.2.json[0m
[I 2026-04-15 04:04:10,891] Trial 2 finished with value: 1.1855421003388689 and parameters: {'max_depth': 4, 'learning_rate': 0.017635395354230917, 'min_child_weight': 15, 'subsample': 0.7648314185319693, 'colsample_bytree': 0.98488682890981, 'gamma': 0.23954394212100594, 'max_delta_step': 3, 'n_estimators': 200}. Best is trial 2 with value: 1.1855421003388689.
[I 2026-04-15 05:18:15,584] Trial 3 finished with value: 1.159045063607644 and parameters: {'max_depth': 4, 'learning_rate': 0.01301814533026123, 'min_child_weight': 7, 'subsample': 0.640079759698994, 'colsample_bytree': 0.987993745015796, 'gamma': 0.6951921255927742, 'max_delta_step': 2, 'n_estimators': 500}. Best is trial 3 with value: 1.159045063607644.
[I 2026-04-15 06:09:02,435] Trial 4 finished with value: 1.1571751403390427 and parameters: {'max_depth': 6, 'learning_rate': 0.021766053777385472, 'min_child_weight': 4, 'subsample': 0.6422709075976842, 'colsample_bytree': 0.7289529966198229, 'gamma': 0.9769561808260514, 'max_delta_step': 0, 'n_estimators': 300}. Best is trial 4 with value: 1.1571751403390427.
[I 2026-04-15 07:04:24,341] Trial 5 finished with value: 1.1551176097177684 and parameters: {'max_depth': 3, 'learning_rate': 0.026010332306519193, 'min_child_weight': 5, 'subsample': 0.8060239789607004, 'colsample_bytree': 0.9185754688785126, 'gamma': 0.17080539346765555, 'max_delta_step': 1, 'n_estimators': 400}. Best is trial 5 with value: 1.1551176097177684.
[I 2026-04-15 08:20:50,339] Trial 6 finished with value: 1.1467581286756785 and parameters: {'max_depth': 5, 'learning_rate': 0.027153169199823628, 'min_child_weight': 15, 'subsample': 0.8460275813904237, 'colsample_bytree': 0.6654205875076835, 'gamma': 0.6621456641137282, 'max_delta_step': 0, 'n_estimators': 500}. Best is trial 6 with value: 1.1467581286756785.
[I 2026-04-15 08:21:39,343] Trial 7 pruned. 
[I 2026-04-15 09:46:51,229] Trial 8 finished with value: 1.1550980817008323 and parameters: {'max_depth': 6, 'learning_rate': 0.011987260678032303, 'min_child_weight': 15, 'subsample': 0.8298185023234436, 'colsample_bytree': 0.9793509503552885, 'gamma': 0.4817365957074413, 'max_delta_step': 1, 'n_estimators': 500}. Best is trial 6 with value: 1.1467581286756785.
[I 2026-04-15 09:47:40,635] Trial 9 pruned. 
[I 2026-04-15 10:47:00,259] Trial 10 finished with value: 1.144671706943015 and parameters: {'max_depth': 7, 'learning_rate': 0.05540808672408902, 'min_child_weight': 4, 'subsample': 0.8958444344688026, 'colsample_bytree': 0.7929628529008106, 'gamma': 0.28156326851255997, 'max_delta_step': 0, 'n_estimators': 400}. Best is trial 10 with value: 1.144671706943015.
[I 2026-04-15 10:48:19,173] Trial 11 pruned. 
